<?xml version="1.0" encoding="UTF-8"?>
<!-- Generated by org.testng.reporters.JUnitReportReporter -->
<testsuite hostname="vaishnavi" failures="0" tests="3" name="main.AdminTab" time="4.400" errors="0" timestamp="2023-11-06T14:31:22 IST" skipped="0">
  <testcase classname="main.AdminTab" name="navigateToAdminTab" time="3.543"/>
  <testcase classname="main.AdminTab" name="verifyAdminDetails" time="0.007"/>
  <testcase classname="main.AdminTab" name="performAdminActions" time="0.850"/>
</testsuite> <!-- main.AdminTab -->
